2019-01-13 23:29:03 被请求 
2019-01-13 23:29:09 被请求 
2019-01-14 08:59:12 被请求 
2019-01-14 09:06:37 被请求 
/mobile/ccb/verify/&POSID=031716071&BRANCHID=370000000&ORDERID=0011&PAYMENT=0.01&CURCODE=01&REMARK1=&REMARK2=&SUCCESS=Y&TYPE=1&REFERER=&CLIENTIP=27.223.78.167&ACCDATE=20190114&SIGN=80c40a2c785fdba4d226e0f6eb03f759e0a80ffe27a8bc0b105dc84ac706f6a4604c73fdc70d2bb708a093841d072b9e40083fda1a9cbbf75f4cc02b8b97b449770e76d64e4f673fea40f37ef9448d79565915da206a6e69e8840a39ac0cac4e284d4a24cd499301b2914d23505fac98b25a4ffed95f856ff13a5b8a9232019a
2019-01-14 09:07:02 被请求 
/mobile/ccb/verify/&POSID=031716071&BRANCHID=370000000&ORDERID=0011&PAYMENT=0.01&CURCODE=01&REMARK1=&REMARK2=&SUCCESS=Y&TYPE=1&REFERER=&CLIENTIP=27.223.78.167&ACCDATE=20190114&SIGN=80c40a2c785fdba4d226e0f6eb03f759e0a80ffe27a8bc0b105dc84ac706f6a4604c73fdc70d2bb708a093841d072b9e40083fda1a9cbbf75f4cc02b8b97b449770e76d64e4f673fea40f37ef9448d79565915da206a6e69e8840a39ac0cac4e284d4a24cd499301b2914d23505fac98b25a4ffed95f856ff13a5b8a9232019a
2019-01-14 09:13:29 被请求 
/mobile/ccb/verify/&POSID=031716071&BRANCHID=370000000&ORDERID=0011&PAYMENT=0.01&CURCODE=01&REMARK1=&REMARK2=&SUCCESS=Y&TYPE=1&REFERER=&CLIENTIP=27.223.78.167&ACCDATE=20190114&SIGN=80c40a2c785fdba4d226e0f6eb03f759e0a80ffe27a8bc0b105dc84ac706f6a4604c73fdc70d2bb708a093841d072b9e40083fda1a9cbbf75f4cc02b8b97b449770e76d64e4f673fea40f37ef9448d79565915da206a6e69e8840a39ac0cac4e284d4a24cd499301b2914d23505fac98b25a4ffed95f856ff13a5b8a9232019a
2019-01-14 09:34:47 被请求 
/mobile/ccb/verify&POSID=031716071&BRANCHID=370000000&ORDERID=0015&PAYMENT=0.01&CURCODE=01&REMARK1=&REMARK2=&SUCCESS=Y&TYPE=1&REFERER=&CLIENTIP=27.223.78.168&ACCDATE=20190114&SIGN=644a4ede47014ea6f026492e8a9865ac17182efc4c63663c6ef8f2b4503bfb35ba6afeb2eb4e1b3ad9e30de372929910eb7e21c3fd70a6617cd81a43c2ee2365fcb8065eab960b6c15e0b23b2a0741c07aae541a9c9d634829eb71f108aa64d7eb99728d83ea8e1aa38f2333dcafdbbcf3a1ee5958499860b8c7f0332cdde2bf
2019-01-14 09:35:04 被请求 
/mobile/ccb/verify&POSID=031716071&BRANCHID=370000000&ORDERID=0015&PAYMENT=0.01&CURCODE=01&REMARK1=&REMARK2=&SUCCESS=Y&TYPE=1&REFERER=&CLIENTIP=27.223.78.168&ACCDATE=20190114&SIGN=644a4ede47014ea6f026492e8a9865ac17182efc4c63663c6ef8f2b4503bfb35ba6afeb2eb4e1b3ad9e30de372929910eb7e21c3fd70a6617cd81a43c2ee2365fcb8065eab960b6c15e0b23b2a0741c07aae541a9c9d634829eb71f108aa64d7eb99728d83ea8e1aa38f2333dcafdbbcf3a1ee5958499860b8c7f0332cdde2bf
2019-01-14 09:35:04 被请求 
/mobile/ccb/verify&POSID=031716071&BRANCHID=370000000&ORDERID=0015&PAYMENT=0.01&CURCODE=01&REMARK1=&REMARK2=&SUCCESS=Y&TYPE=1&REFERER=&CLIENTIP=27.223.78.168&ACCDATE=20190114&SIGN=644a4ede47014ea6f026492e8a9865ac17182efc4c63663c6ef8f2b4503bfb35ba6afeb2eb4e1b3ad9e30de372929910eb7e21c3fd70a6617cd81a43c2ee2365fcb8065eab960b6c15e0b23b2a0741c07aae541a9c9d634829eb71f108aa64d7eb99728d83ea8e1aa38f2333dcafdbbcf3a1ee5958499860b8c7f0332cdde2bf
2019-01-14 09:35:26 被请求 
/mobile/ccb/verify&POSID=031716071&BRANCHID=370000000&ORDERID=0015&PAYMENT=0.01&CURCODE=01&REMARK1=&REMARK2=&SUCCESS=Y&TYPE=1&REFERER=&CLIENTIP=27.223.78.168&ACCDATE=20190114&SIGN=644a4ede47014ea6f026492e8a9865ac17182efc4c63663c6ef8f2b4503bfb35ba6afeb2eb4e1b3ad9e30de372929910eb7e21c3fd70a6617cd81a43c2ee2365fcb8065eab960b6c15e0b23b2a0741c07aae541a9c9d634829eb71f108aa64d7eb99728d83ea8e1aa38f2333dcafdbbcf3a1ee5958499860b8c7f0332cdde2bf
2019-01-14 09:37:19 被请求 
/mobile/ccb/verify&POSID=031716071&BRANCHID=370000000&ORDERID=0016&PAYMENT=0.01&CURCODE=01&REMARK1=&REMARK2=&SUCCESS=Y&TYPE=1&REFERER=&CLIENTIP=27.223.78.162&ACCDATE=20190114&SIGN=6e2f3ee950229976fb1e6fbb753e26de3d3e2efa81401410153969b3306579e9292b7be0cbd2f52f78f4dae19289dc0a746c93d9418c262f17aa24100fac9744a9669331ce96634e659801a817abdbeed9ea085698df60f68b27b8c12f2819e658a93ac20f39d1332ac4644f89d54a174a0ef1770255590703a740f40402d1ce
2019-01-14 09:37:31 被请求 
/mobile/ccb/verify&POSID=031716071&BRANCHID=370000000&ORDERID=0016&PAYMENT=0.01&CURCODE=01&REMARK1=&REMARK2=&SUCCESS=Y&TYPE=1&REFERER=&CLIENTIP=27.223.78.162&ACCDATE=20190114&SIGN=6e2f3ee950229976fb1e6fbb753e26de3d3e2efa81401410153969b3306579e9292b7be0cbd2f52f78f4dae19289dc0a746c93d9418c262f17aa24100fac9744a9669331ce96634e659801a817abdbeed9ea085698df60f68b27b8c12f2819e658a93ac20f39d1332ac4644f89d54a174a0ef1770255590703a740f40402d1ce
2019-01-14 09:46:23 被请求 
y&POSID=031716071&BRANCHID=370000000&ORDERID=0017&PAYMENT=0.01&CURCODE=01&REMARK1=&REMARK2=&SUCCESS=Y&TYPE=1&REFERER=&CLIENTIP=27.223.78.169&ACCDATE=20190114&SIGN=827f38a97495a34d7962cb6fa2cd83a1c02dc0b1a147e27eee9c84e546f7a27c5bcc2b1478915cc9e1a03bc66e68837990ec9d73b33bb7235cf7f3f47a4b8b39d11131f9eab1ed202f5077f398dd5c09fcc9c34034a0858360bc50fe5208c02329799e83e9088655948a1c24db8d2935fee64d93320bd712cd0b1b869b5338e2
2019-01-14 09:46:39 被请求 
y&POSID=031716071&BRANCHID=370000000&ORDERID=0017&PAYMENT=0.01&CURCODE=01&REMARK1=&REMARK2=&SUCCESS=Y&TYPE=1&REFERER=&CLIENTIP=27.223.78.169&ACCDATE=20190114&SIGN=827f38a97495a34d7962cb6fa2cd83a1c02dc0b1a147e27eee9c84e546f7a27c5bcc2b1478915cc9e1a03bc66e68837990ec9d73b33bb7235cf7f3f47a4b8b39d11131f9eab1ed202f5077f398dd5c09fcc9c34034a0858360bc50fe5208c02329799e83e9088655948a1c24db8d2935fee64d93320bd712cd0b1b869b5338e2
2019-01-14 09:47:43 被请求 
POSID=031716071&BRANCHID=370000000&ORDERID=0017&PAYMENT=0.01&CURCODE=01&REMARK1=&REMARK2=&SUCCESS=Y&TYPE=1&REFERER=&CLIENTIP=27.223.78.169&ACCDATE=20190114&SIGN=827f38a97495a34d7962cb6fa2cd83a1c02dc0b1a147e27eee9c84e546f7a27c5bcc2b1478915cc9e1a03bc66e68837990ec9d73b33bb7235cf7f3f47a4b8b39d11131f9eab1ed202f5077f398dd5c09fcc9c34034a0858360bc50fe5208c02329799e83e9088655948a1c24db8d2935fee64d93320bd712cd0b1b869b5338e2
2019-01-14 09:47:48 被请求 
POSID=031716071&BRANCHID=370000000&ORDERID=0017&PAYMENT=0.01&CURCODE=01&REMARK1=&REMARK2=&SUCCESS=Y&TYPE=1&REFERER=&CLIENTIP=27.223.78.169&ACCDATE=20190114&SIGN=827f38a97495a34d7962cb6fa2cd83a1c02dc0b1a147e27eee9c84e546f7a27c5bcc2b1478915cc9e1a03bc66e68837990ec9d73b33bb7235cf7f3f47a4b8b39d11131f9eab1ed202f5077f398dd5c09fcc9c34034a0858360bc50fe5208c02329799e83e9088655948a1c24db8d2935fee64d93320bd712cd0b1b869b5338e2
2019-01-14 10:00:23 被请求 
POSID=031716071&BRANCHID=370000000&ORDERID=0018&PAYMENT=0.01&CURCODE=01&REMARK1=&REMARK2=&SUCCESS=Y&TYPE=1&REFERER=&CLIENTIP=27.223.78.168&ACCDATE=20190114&SIGN=5a27ac75b35362e6e39d5ed4a0c56c07d082d4b26e9457407ed9fd8fc46a88faa8294cbaf729479cb916413c8ae7d267aae875b89411ed6082305695bdf3ea64a0a48d5f18fce39e20f7d16900d00258bf9f7e0a6bdd3d4f1d2a103f74d293274a68e55a9f83fc5d8ced1b698bf048e3b95f6fb5ef0e7822f530fff744cdd2e4
socket创建成功
开始验证 ..........
2019-01-14 10:01:03 被请求 
POSID=031716071&BRANCHID=370000000&ORDERID=0018&PAYMENT=0.01&CURCODE=01&REMARK1=&REMARK2=&SUCCESS=Y&TYPE=1&REFERER=&CLIENTIP=27.223.78.168&ACCDATE=20190114&SIGN=5a27ac75b35362e6e39d5ed4a0c56c07d082d4b26e9457407ed9fd8fc46a88faa8294cbaf729479cb916413c8ae7d267aae875b89411ed6082305695bdf3ea64a0a48d5f18fce39e20f7d16900d00258bf9f7e0a6bdd3d4f1d2a103f74d293274a68e55a9f83fc5d8ced1b698bf048e3b95f6fb5ef0e7822f530fff744cdd2e4
socket创建成功
开始验证 ..........
2019-01-14 10:08:01 被请求 
POSID=031716071&BRANCHID=370000000&ORDERID=0019&PAYMENT=0.01&CURCODE=01&REMARK1=&REMARK2=&SUCCESS=Y&TYPE=1&REFERER=&CLIENTIP=27.223.78.169&ACCDATE=20190114&SIGN=3b49bbddb7833a13fa29a501977e24d527f07dcf145cce510e8600218087a366ea470d80b4f54f98d154f6eb5c4b60b8977c3b8b8a2fd198061f5c4e392357d5051ac7a17177656e55b3cf6bedbcb1fb957f22dba3fe3db94b1cfb6dc7696f353e00dcdeaf88444c5169b493f20287ca26f7b33b6b173bfbf2a5fdcc95bb4599
socket创建成功
开始验证 ..........
验证结果：Y|3b49bbddb7833a13fa29a501977e24d527f07dcf145cce510e8600218087a366ea470d80b4f54f98d154f6eb5c4b60b8977c3b8b8a2fd198061f5c4e392357d5051ac7a17177656e55b3cf6bedbcb1fb957f22dba3fe3db94b1cfb6dc7696f353e00dcdeaf88444c5169b493f20287ca26f7b33b6b173bfbf2a5fdcc95bb4599

-----------------------
2019-01-14 10:08:21 被请求 
POSID=031716071&BRANCHID=370000000&ORDERID=0019&PAYMENT=0.01&CURCODE=01&REMARK1=&REMARK2=&SUCCESS=Y&TYPE=1&REFERER=&CLIENTIP=27.223.78.169&ACCDATE=20190114&SIGN=3b49bbddb7833a13fa29a501977e24d527f07dcf145cce510e8600218087a366ea470d80b4f54f98d154f6eb5c4b60b8977c3b8b8a2fd198061f5c4e392357d5051ac7a17177656e55b3cf6bedbcb1fb957f22dba3fe3db94b1cfb6dc7696f353e00dcdeaf88444c5169b493f20287ca26f7b33b6b173bfbf2a5fdcc95bb4599
socket创建成功
开始验证 ..........
验证结果：Y|3b49bbddb7833a13fa29a501977e24d527f07dcf145cce510e8600218087a366ea470d80b4f54f98d154f6eb5c4b60b8977c3b8b8a2fd198061f5c4e392357d5051ac7a17177656e55b3cf6bedbcb1fb957f22dba3fe3db94b1cfb6dc7696f353e00dcdeaf88444c5169b493f20287ca26f7b33b6b173bfbf2a5fdcc95bb4599

-----------------------
2019-01-14 10:17:21 被请求 

socket创建成功
开始验证 ..........
验证结果：source string is empty 

-----------------------
2019-01-14 10:17:37 被请求 

socket创建成功
开始验证 ..........
验证结果：source string is empty 

-----------------------
2019-01-14 20:16:23
POSID=031716071&BRANCHID=370000000&ORDERID=23497&PAYMENT=0.1&CURCODE=01&REMARK1=&REMARK2=&SUCCESS=Y&TYPE=1&REFERER=https://www.enjoysix.cn/mobile/payment/payment/log_id/23497.html&CLIENTIP=122.4.112.118&ACCDATE=20190114&SIGN=59e2d9eddef1f26112e2c41395555d290c1e0f3777b98681cfadbffa869ab5580dff1690febfff973736292bb2df9f5c680b411c818f0df46415fe6a37d8aaec7aba5287bcd13c74a61c8d77bfb81af91d058ab13e32ab6744ac673c477607adb2d543019bcbf6f97ba5b5f64a111d83c68e3a59ef371483e31e020f00573960
socket创建成功
开始验证 ..........
验证结果：Y|59e2d9eddef1f26112e2c41395555d290c1e0f3777b98681cfadbffa869ab5580dff1690febfff973736292bb2df9f5c680b411c818f0df46415fe6a37d8aaec7aba5287bcd13c74a61c8d77bfb81af91d058ab13e32ab6744ac673c477607adb2d543019bcbf6f97ba5b5f64a111d83c68e3a59ef371483e31e020f00573960

-----------------------
2019-01-14 20:18:42
POSID=031716071&BRANCHID=370000000&ORDERID=23500&PAYMENT=0.1&CURCODE=01&REMARK1=&REMARK2=&SUCCESS=Y&TYPE=1&REFERER=https://www.enjoysix.cn/mobile/payment/payment/log_id/23500.html&CLIENTIP=122.4.112.118&ACCDATE=20190114&SIGN=02e031f324e4eeb51d7c99f0b1406c6e49e6952b23ee2185880146b3c19467400970c8c680333bd0feb712c801c5ad9647cecd2952c4219096af70b4d987c3ddb1e774fa8d5ae139dec0246b6eb9401c90beb62a33ae865965ca96bb56b819ac8e963a1c2fe6216977a51fcfba2720e61c340272efcdc79397d86546de327db6
socket创建成功
开始验证 ..........
验证结果：Y|02e031f324e4eeb51d7c99f0b1406c6e49e6952b23ee2185880146b3c19467400970c8c680333bd0feb712c801c5ad9647cecd2952c4219096af70b4d987c3ddb1e774fa8d5ae139dec0246b6eb9401c90beb62a33ae865965ca96bb56b819ac8e963a1c2fe6216977a51fcfba2720e61c340272efcdc79397d86546de327db6

-----------------------
2019-01-14 20:28:10
POSID=031716071&BRANCHID=370000000&ORDERID=23503&PAYMENT=0.1&CURCODE=01&REMARK1=&REMARK2=&SUCCESS=Y&TYPE=1&REFERER=https://www.enjoysix.cn/mobile/payment/payment/log_id/23503.html&CLIENTIP=122.4.112.118&ACCDATE=20190114&SIGN=22472307cff214c8bb7c257842f74bf5ea9ff308f35a636d5739eb1a836343890218761ddf68ed9fdfa941c13517e7e00fe4f29d721150f50a5d32681b4e0df49f3d110daea9d1dead3a2f6d066172aded94eadbc72933d08ae362c575f302bd8a4058a34c0137c04c4aec6cab587c9fcf76fbecea855e1c9b0b57f6114a50e3
socket创建成功
开始验证 ..........
验证结果：Y|22472307cff214c8bb7c257842f74bf5ea9ff308f35a636d5739eb1a836343890218761ddf68ed9fdfa941c13517e7e00fe4f29d721150f50a5d32681b4e0df49f3d110daea9d1dead3a2f6d066172aded94eadbc72933d08ae362c575f302bd8a4058a34c0137c04c4aec6cab587c9fcf76fbecea855e1c9b0b57f6114a50e3

-----------------------
2019-01-14 20:28:38
POSID=031716071&BRANCHID=370000000&ORDERID=23502&PAYMENT=0.82&CURCODE=01&REMARK1=&REMARK2=&SUCCESS=Y&TYPE=1&REFERER=http://www.enjoysix.cn/mobile/payment/payment/log_id/23502.html&CLIENTIP=112.250.186.141&ACCDATE=20190114&SIGN=6a25607dedfa749ae2ded604d9e87b8fba97f8a40ea921d5f41ff5eff9a7891058a73994d293d298391542d550330bbbde775ff6d73bbc0eef266d316f3742404f783cc2c44d5cd4a2257936454c23c3b182497712c336aedb9bff9d257c0be07929fcfc5d14d30efc23abf57a3e157a94adb8c3dd8da03e0ddef1dbc678216d
socket创建成功
开始验证 ..........
验证结果：Y|6a25607dedfa749ae2ded604d9e87b8fba97f8a40ea921d5f41ff5eff9a7891058a73994d293d298391542d550330bbbde775ff6d73bbc0eef266d316f3742404f783cc2c44d5cd4a2257936454c23c3b182497712c336aedb9bff9d257c0be07929fcfc5d14d30efc23abf57a3e157a94adb8c3dd8da03e0ddef1dbc678216d

-----------------------
2019-01-14 20:30:53
POSID=031716071&BRANCHID=370000000&ORDERID=23504&PAYMENT=12.3&CURCODE=01&REMARK1=&REMARK2=&SUCCESS=Y&TYPE=1&REFERER=http://www.enjoysix.cn/mobile/payment/payment/log_id/23504.html&CLIENTIP=112.250.186.141&ACCDATE=20190114&SIGN=80887b8166e7348077e21d879af7f46d437a318a5e44e8ad0f7df4d2f53a463fbdaeaf82644d2af79017e8b3280bfd42260f826fb2a48622dac0424dbc1d146d611e9f08785f5ddc53460173634c4c17a06a6c7fc412a67c5cc83270d19c362162a772f3150d4771ad9bd66e05f4125f9b055df779c011b0b6d799da8563857b
socket创建成功
开始验证 ..........
验证结果：Y|80887b8166e7348077e21d879af7f46d437a318a5e44e8ad0f7df4d2f53a463fbdaeaf82644d2af79017e8b3280bfd42260f826fb2a48622dac0424dbc1d146d611e9f08785f5ddc53460173634c4c17a06a6c7fc412a67c5cc83270d19c362162a772f3150d4771ad9bd66e05f4125f9b055df779c011b0b6d799da8563857b

-----------------------
2019-01-14 20:32:31
POSID=031716071&BRANCHID=370000000&ORDERID=23505&PAYMENT=10.66&CURCODE=01&REMARK1=&REMARK2=&SUCCESS=Y&TYPE=1&REFERER=http://www.enjoysix.cn/mobile/payment/payment/log_id/23505.html&CLIENTIP=112.250.186.141&ACCDATE=20190114&SIGN=43397ad32c75414575558af7836b876d35a6ea9a4f26e17fb8b0aa459b028463b69d2f6482036d7a423702717bb526599e0407a5b189791459998d73fe098be4bd885ca43c6d9349a578024a66c359a032c558f7a5a5e5c9c33da564a005f0a276a2b5a0612233669f585cf5bf5b9dc35d17c77ff928c3da62dd49e080948789
socket创建成功
开始验证 ..........
验证结果：Y|43397ad32c75414575558af7836b876d35a6ea9a4f26e17fb8b0aa459b028463b69d2f6482036d7a423702717bb526599e0407a5b189791459998d73fe098be4bd885ca43c6d9349a578024a66c359a032c558f7a5a5e5c9c33da564a005f0a276a2b5a0612233669f585cf5bf5b9dc35d17c77ff928c3da62dd49e080948789

-----------------------
2019-01-14 20:34:49
POSID=031716071&BRANCHID=370000000&ORDERID=23506&PAYMENT=12.3&CURCODE=01&REMARK1=&REMARK2=&SUCCESS=Y&TYPE=1&REFERER=http://www.enjoysix.cn/mobile/payment/payment/log_id/23506.html&CLIENTIP=112.250.186.141&ACCDATE=20190114&SIGN=3fd89b5677cd16c4036d936ea931396b81ab4fd3ff588293aa48334a76dd630da3a23de310d378ee514c5edf6d462970695588234655a79afb339c78d05dfb517032e06d9dac26e8c44a4281f43475c9e393df9a79837a0b1994aa08b48c899cd971584f0465edc03e7b22f1a368ba826e3d23b45e6623117ec4b0e9d37e58dd
socket创建成功
开始验证 ..........
验证结果：Y|3fd89b5677cd16c4036d936ea931396b81ab4fd3ff588293aa48334a76dd630da3a23de310d378ee514c5edf6d462970695588234655a79afb339c78d05dfb517032e06d9dac26e8c44a4281f43475c9e393df9a79837a0b1994aa08b48c899cd971584f0465edc03e7b22f1a368ba826e3d23b45e6623117ec4b0e9d37e58dd

-----------------------
2019-01-14 20:35:49
POSID=031716071&BRANCHID=370000000&ORDERID=23506&PAYMENT=12.3&CURCODE=01&REMARK1=&REMARK2=&SUCCESS=Y&TYPE=1&REFERER=http://www.enjoysix.cn/mobile/payment/payment/log_id/23506.html&CLIENTIP=112.250.186.141&ACCDATE=20190114&SIGN=3fd89b5677cd16c4036d936ea931396b81ab4fd3ff588293aa48334a76dd630da3a23de310d378ee514c5edf6d462970695588234655a79afb339c78d05dfb517032e06d9dac26e8c44a4281f43475c9e393df9a79837a0b1994aa08b48c899cd971584f0465edc03e7b22f1a368ba826e3d23b45e6623117ec4b0e9d37e58dd
socket创建成功
开始验证 ..........
验证结果：Y|3fd89b5677cd16c4036d936ea931396b81ab4fd3ff588293aa48334a76dd630da3a23de310d378ee514c5edf6d462970695588234655a79afb339c78d05dfb517032e06d9dac26e8c44a4281f43475c9e393df9a79837a0b1994aa08b48c899cd971584f0465edc03e7b22f1a368ba826e3d23b45e6623117ec4b0e9d37e58dd

-----------------------
2019-01-14 20:44:18
POSID=031716071&BRANCHID=370000000&ORDERID=23510&PAYMENT=0.1&CURCODE=01&REMARK1=&REMARK2=&SUCCESS=Y&TYPE=1&REFERER=https://www.enjoysix.cn/mobile/payment/payment/log_id/23510.html&CLIENTIP=122.4.112.118&ACCDATE=20190114&SIGN=86c31354eac472f71dc89443c018fe8ae268d6f5f8a65c38c89fa406426d52708095aa77c37ad89fde4187c9d396a2840cd4a57e64a97ea6971a2fe518dbc8369cf54c4034406651fccc954af47ad84eb8cecaeed29f65ea1452146ece31f9bc6bba360b72d441b26f8c3f76a9c0caf23b069e4b025146b3535b00ac68cd24e1
socket创建成功
开始验证 ..........
验证结果：Y|86c31354eac472f71dc89443c018fe8ae268d6f5f8a65c38c89fa406426d52708095aa77c37ad89fde4187c9d396a2840cd4a57e64a97ea6971a2fe518dbc8369cf54c4034406651fccc954af47ad84eb8cecaeed29f65ea1452146ece31f9bc6bba360b72d441b26f8c3f76a9c0caf23b069e4b025146b3535b00ac68cd24e1

-----------------------
2019-01-14 20:47:28
POSID=031716071&BRANCHID=370000000&ORDERID=23513&PAYMENT=0.1&CURCODE=01&REMARK1=&REMARK2=&SUCCESS=Y&TYPE=1&REFERER=https://www.enjoysix.cn/mobile/payment/payment/log_id/23513.html&CLIENTIP=122.4.112.118&ACCDATE=20190114&SIGN=00c632f51f4c585a1bf57d63a76bd252b3aa26bf2c8988b9a56d2633f631c09f68f59188959b0a8143bd06381b1f77efc935a9e0bc3ce64bbb3603d5d15f9945132072592016f57c2fc35697548f2648be8c222fdbc8c8cd8678c4d7373f9bf05f8fb7376feb4f79bcf0350a4b5d278571568819ce31f8ec26b0524495b3c2da
socket创建成功
开始验证 ..........
验证结果：Y|00c632f51f4c585a1bf57d63a76bd252b3aa26bf2c8988b9a56d2633f631c09f68f59188959b0a8143bd06381b1f77efc935a9e0bc3ce64bbb3603d5d15f9945132072592016f57c2fc35697548f2648be8c222fdbc8c8cd8678c4d7373f9bf05f8fb7376feb4f79bcf0350a4b5d278571568819ce31f8ec26b0524495b3c2da

-----------------------
2019-01-14 21:05:46
POSID=031716071&BRANCHID=370000000&ORDERID=23516&PAYMENT=0.1&CURCODE=01&REMARK1=&REMARK2=&SUCCESS=Y&TYPE=1&REFERER=https://www.enjoysix.cn/mobile/payment/payment/log_id/23516.html&CLIENTIP=122.4.112.118&ACCDATE=20190114&SIGN=6bd7386647aaace0c28ca35ebfb9f42e820e8fa00039452967b5645c8e71992c652e5dce28115335f96415f4a5fd7c9dc3bf1a19b860dbf0ae4a2ba5f0bef2139181a835e0a8aab2f4c1f6aba56e6d11b81311acb1ee72119010780fb1c75dae757ff57ec8d58ea544953ec7019cbf4d409e47f232abb0510f2a41a79999c3fc
socket创建成功
开始验证 ..........
验证结果：259Y|6bd7386647aaace0c28ca35ebfb9f42e820e8fa00039452967b5645c8e71992c652e5dce28115335f96415f4a5fd7c9dc3bf1a19b860dbf0ae4a2ba5f0bef2139181a835e0a8aab2f4c1f6aba56e6d11b81311acb1ee72119010780fb1c75dae757ff57ec8d58ea544953ec7019cbf4d409e47f232abb0510f2a41a79999c3fc

-----------------------
2019-01-14 21:05:51
POSID=031716071&BRANCHID=370000000&ORDERID=23516&PAYMENT=0.1&CURCODE=01&REMARK1=&REMARK2=&SUCCESS=Y&TYPE=1&REFERER=https://www.enjoysix.cn/mobile/payment/payment/log_id/23516.html&CLIENTIP=122.4.112.118&ACCDATE=20190114&SIGN=6bd7386647aaace0c28ca35ebfb9f42e820e8fa00039452967b5645c8e71992c652e5dce28115335f96415f4a5fd7c9dc3bf1a19b860dbf0ae4a2ba5f0bef2139181a835e0a8aab2f4c1f6aba56e6d11b81311acb1ee72119010780fb1c75dae757ff57ec8d58ea544953ec7019cbf4d409e47f232abb0510f2a41a79999c3fc
socket创建成功
开始验证 ..........
验证结果：259Y|6bd7386647aaace0c28ca35ebfb9f42e820e8fa00039452967b5645c8e71992c652e5dce28115335f96415f4a5fd7c9dc3bf1a19b860dbf0ae4a2ba5f0bef2139181a835e0a8aab2f4c1f6aba56e6d11b81311acb1ee72119010780fb1c75dae757ff57ec8d58ea544953ec7019cbf4d409e47f232abb0510f2a41a79999c3fc

-----------------------
2019-01-14 21:08:56
POSID=031716071&BRANCHID=370000000&ORDERID=23517&PAYMENT=0.08&CURCODE=01&REMARK1=&REMARK2=&SUCCESS=Y&TYPE=1&REFERER=https://www.enjoysix.cn/mobile/payment/payment/log_id/23517.html&CLIENTIP=122.4.112.118&ACCDATE=20190114&SIGN=3eab98d2bc2dc6769e2ea1ea3651b329ff003aaca80228e74836cca9d8bc4ef9b41a5f58f89b60d4d3370126c1d1ff0ca7d628b11870dc29e680adc4af0703877d14df169513af03903bf3b3c1d9d7691295bc4c5df70ddbf6607cecfd389f39f122d7af49bd5ac09217231ab53822dd6033ea838faddae17dee8658e64bd50e
socket创建成功
开始验证 ..........
验证结果：259Y|3eab98d2bc2dc6769e2ea1ea3651b329ff003aaca80228e74836cca9d8bc4ef9b41a5f58f89b60d4d3370126c1d1ff0ca7d628b11870dc29e680adc4af0703877d14df169513af03903bf3b3c1d9d7691295bc4c5df70ddbf6607cecfd389f39f122d7af49bd5ac09217231ab53822dd6033ea838faddae17dee8658e64bd50e

-----------------------
2019-01-14 21:11:30
POSID=031716071&BRANCHID=370000000&ORDERID=23518&PAYMENT=0.08&CURCODE=01&REMARK1=&REMARK2=&SUCCESS=Y&TYPE=1&REFERER=https://www.enjoysix.cn/mobile/payment/payment/log_id/23518.html&CLIENTIP=122.4.112.118&ACCDATE=20190114&SIGN=04fc4b0d4a400a0cca1e9f1cf305dafd8b1dac20bacaddef6a6a960da71298d0362d20246d34ceb0bc9391bb2cc88fe9165b067a5ecc82c22166318dc747004c630b03f7125e5126310a37fdb1107c659f969e910d8f58b0404d53e06eba4c433046e60913b8cfecf169e1a3e7b95fad611c8cfd43b0ce5c5af36e8fd81975fd
socket创建成功
开始验证 ..........
验证结果：259Y|04fc4b0d4a400a0cca1e9f1cf305dafd8b1dac20bacaddef6a6a960da71298d0362d20246d34ceb0bc9391bb2cc88fe9165b067a5ecc82c22166318dc747004c630b03f7125e5126310a37fdb1107c659f969e910d8f58b0404d53e06eba4c433046e60913b8cfecf169e1a3e7b95fad611c8cfd43b0ce5c5af36e8fd81975fd

开始修改订单状态
socket验证成功
orderId:23518 payment:0.08
改变订单状态23518
-----------------------
2019-01-14 21:23:18
POSID=031716071&BRANCHID=370000000&ORDERID=23520&PAYMENT=9.84&CURCODE=01&REMARK1=&REMARK2=&SUCCESS=Y&TYPE=1&REFERER=http://www.enjoysix.cn/mobile/payment/payment/log_id/23520.html&CLIENTIP=112.250.186.141&ACCDATE=20190114&SIGN=6aaf4a4543cbd25a4f51b3945f31479b636d9a70bf593012f4027a6fcedd3442eaebff5328a82dba8f6d90d1831f181673ff9d02e715329b25c03eabe85f6e2c328a997f247f5d72cc8e89af02d4e2a46e0afa3ec18069dde13165b2c73cd3690fe5381c9967d5b02e5f5217821e41f30f11c7573ab5c5e437f4008e665f51da
socket创建成功
开始验证 ..........
验证结果：259Y|6aaf4a4543cbd25a4f51b3945f31479b636d9a70bf593012f4027a6fcedd3442eaebff5328a82dba8f6d90d1831f181673ff9d02e715329b25c03eabe85f6e2c328a997f247f5d72cc8e89af02d4e2a46e0afa3ec18069dde13165b2c73cd3690fe5381c9967d5b02e5f5217821e41f30f11c7573ab5c5e437f4008e665f51da

开始修改订单状态
socket验证成功
orderId:23520 payment:9.84
改变订单状态23520
-----------------------
2019-01-15 17:11:57
POSID=031716071&BRANCHID=370000000&ORDERID=23622&PAYMENT=12.3&CURCODE=01&REMARK1=&REMARK2=&SUCCESS=Y&TYPE=1&REFERER=http://www.enjoysix.cn/mobile/payment/payment/log_id/23622.html&CLIENTIP=117.136.92.117&ACCDATE=20190115&SIGN=5937c6300494d3480c018a7ad9ba4c44c149ca5d0bdda46026fe2ee73d4fe3c45049bef531e1e939edd2e627057013786f87b358d9a8d5bd4839534f9604e57fa6b32055570a9cf867db03a47a4ba8952e353cc1f35d80845995718be944e63257fa1b4ffb88d963e56971a8243b4a2b8dba5b088eb29968ed3e9beeeb2be6f5
socket创建成功
开始验证 ..........
-----------------------
2019-01-18 04:17:55
POSID=031716071&BRANCHID=370000000&ORDERID=0017&PAYMENT=0.01&CURCODE=01&REMARK1=&REMARK2=&SUCCESS=Y&TYPE=1&REFERER=&CLIENTIP=27.223.78.169&ACCDATE=20190114&SIGN=827f38a97495a34d7962cb6fa2cd83a1c02dc0b1a147e27eee9c84e546f7a27c5bcc2b1478915cc9e1a03bc66e68837990ec9d73b33bb7235cf7f3f47a4b8b39d11131f9eab1ed202f5077f398dd5c09fcc9c34034a0858360bc50fe5208c02329799e83e9088655948a1c24db8d2935fee64d93320bd712cd0b1b869b5338e2
socket创建成功
开始验证 ..........
-----------------------
2019-01-19 16:08:42
POSID=031716071&BRANCHID=370000000&ORDERID=24275&PAYMENT=0.1&CURCODE=01&REMARK1=&REMARK2=&SUCCESS=Y&TYPE=1&REFERER=https://www.enjoysix.cn/mobile/payment/payment/log_id/24275.html&CLIENTIP=117.136.78.234&ACCDATE=20190119&SIGN=74b1555677344dbab7d3a3f6608b2f04d1c6d68579e3f5c03349f399ec9ceca1e092764aa8b7499c8d1880d25953f1c8b097958e0299e74a767aead4ac4c7bcde32b24e45001a73056ec1620e114a78c62e83b7d0562ff5796a846d3c64ed56649a5070a362e0429404804280f1fc9d77177d2eb984ffdc57f8ed6fd0ec6f07a
socket创建成功
开始验证 ..........
-----------------------
2019-01-21 22:25:35
POSID=031716071&BRANCHID=370000000&ORDERID=0017&PAYMENT=0.01&CURCODE=01&REMARK1=&REMARK2=&SUCCESS=Y&TYPE=1&REFERER=&CLIENTIP=27.223.78.169&ACCDATE=20190114&SIGN=827f38a97495a34d7962cb6fa2cd83a1c02dc0b1a147e27eee9c84e546f7a27c5bcc2b1478915cc9e1a03bc66e68837990ec9d73b33bb7235cf7f3f47a4b8b39d11131f9eab1ed202f5077f398dd5c09fcc9c34034a0858360bc50fe5208c02329799e83e9088655948a1c24db8d2935fee64d93320bd712cd0b1b869b5338e2
socket创建成功
开始验证 ..........
-----------------------
2019-01-22 09:06:06
POSID=031716071&BRANCHID=370000000&ORDERID=24674&PAYMENT=15&CURCODE=01&REMARK1=&REMARK2=&SUCCESS=Y&TYPE=1&REFERER=https://www.enjoysix.cn/mobile/payment/payment/log_id/24674.html&CLIENTIP=39.72.142.18&ACCDATE=20190122&SIGN=5224e57a1d92fad6f883aa54efebf0e6049bdf510755be7b168bca6240fd7a374db3c52a31be66d3aa588bc615a6ff724330dc1f06dcb9008545d98d3ebf2ebe718dfd5f6212f56cb139387ded146166c90af33d535e64ab2919ba4304eda85c1166116566641a76d94ab6781594c8e4c9cc39b0c46de6c4508a577e1030e4fd
socket创建成功
开始验证 ..........
-----------------------
2019-01-24 10:55:01
POSID=031716071&BRANCHID=370000000&ORDERID=24942&PAYMENT=70&CURCODE=01&REMARK1=&REMARK2=&SUCCESS=Y&TYPE=1&REFERER=http://www.enjoysix.cn/mobile/payment/payment/log_id/24942.html&CLIENTIP=39.72.142.18&ACCDATE=20190124&SIGN=375eb3b0ba85df81ac0bdf4a6c7ff0c7e7aa87dd4f6194f633dcdb8e5ae52cd3baff6929c0680a961e1fbf0421b1deff89b27794d4190a91b929d638b6ab924791627025ba1b6c26da88c62ae37185325f084c1ceedc5e3659a4c82c621f4938c2b67e2db2af899dbb05546c5554cb0eeea2b60f5c28c41ede12cb11813288d2
socket创建成功
开始验证 ..........
-----------------------
2019-03-17 23:41:13
POSID=031716071&BRANCHID=370000000&ORDERID=0015&PAYMENT=0.01&CURCODE=01&REMARK1=&REMARK2=&SUCCESS=Y&TYPE=1&REFERER=&CLIENTIP=27.223.78.168&ACCDATE=20190114&SIGN=644a4ede47014ea6f026492e8a9865ac17182efc4c63663c6ef8f2b4503bfb35ba6afeb2eb4e1b3ad9e30de372929910eb7e21c3fd70a6617cd81a43c2ee2365fcb8065eab960b6c15e0b23b2a0741c07aae541a9c9d634829eb71f108aa64d7eb99728d83ea8e1aa38f2333dcafdbbcf3a1ee5958499860b8c7f0332cdde2bf
socket创建成功
开始验证 ..........
-----------------------
