[ 2019-04-11T08:49:39+08:00 ] 0.0.0.0 /six/
NOTIC: [2] preg_replace(): The /e modifier is no longer supported, use preg_replace_callback instead D:\xampp\htdocs\six\Core\Common\common.php 第 217 行.
INFO: [ app_begin ] --START--
INFO: ReadHtmlCache Behavior ::run [ RunTime:0.004000s ]
INFO: [ app_begin ] --END-- [ RunTime:0.004000s ]
ERR: Call to undefined function mysql_connect()

[ 2019-04-11T08:51:34+08:00 ] 0.0.0.0 /six/mobile/life/index.html
INFO: [ route_check ] --START--
INFO: CheckRoute Behavior ::run [ RunTime:0.014000s ]
INFO: [ route_check ] --END-- [ RunTime:0.014000s ]
NOTIC: [2] preg_replace(): The /e modifier is no longer supported, use preg_replace_callback instead D:\xampp\htdocs\six\Core\Lib\Core\Dispatcher.class.php 第 132 行.
NOTIC: [2] preg_replace(): The /e modifier is no longer supported, use preg_replace_callback instead D:\xampp\htdocs\six\Core\Common\common.php 第 217 行.
INFO: [ app_begin ] --START--
INFO: ReadHtmlCache Behavior ::run [ RunTime:0.002001s ]
INFO: [ app_begin ] --END-- [ RunTime:0.002001s ]
ERR: Call to undefined function mysql_connect()

[ 2019-04-11T09:11:51+08:00 ] 0.0.0.0 /six/
NOTIC: [2] preg_replace(): The /e modifier is no longer supported, use preg_replace_callback instead D:\xampp\htdocs\six\Core\Common\common.php 第 217 行.
INFO: [ app_begin ] --START--
INFO: ReadHtmlCache Behavior ::run [ RunTime:0.002000s ]
INFO: [ app_begin ] --END-- [ RunTime:0.002000s ]
ERR: Call to undefined function mysql_connect()

[ 2019-04-11T09:25:17+08:00 ] 0.0.0.0 /six/
NOTIC: [2] preg_replace(): The /e modifier is no longer supported, use preg_replace_callback instead D:\xampp\htdocs\six\Core\Common\common.php 第 217 行.
INFO: [ app_begin ] --START--
INFO: ReadHtmlCache Behavior ::run [ RunTime:0.003000s ]
INFO: [ app_begin ] --END-- [ RunTime:0.003000s ]
ERR: Call to undefined function mysql_connect()

[ 2019-04-11T09:25:20+08:00 ] 0.0.0.0 /six/
NOTIC: [2] preg_replace(): The /e modifier is no longer supported, use preg_replace_callback instead D:\xampp\htdocs\six\Core\Common\common.php 第 217 行.
INFO: [ app_begin ] --START--
INFO: ReadHtmlCache Behavior ::run [ RunTime:0.002000s ]
INFO: [ app_begin ] --END-- [ RunTime:0.002000s ]
ERR: Call to undefined function mysql_connect()

[ 2019-04-11T09:28:08+08:00 ] 0.0.0.0 /six/
NOTIC: [2] preg_replace(): The /e modifier is no longer supported, use preg_replace_callback instead D:\xampp\htdocs\six\Core\Common\common.php 第 217 行.
INFO: [ app_begin ] --START--
INFO: ReadHtmlCache Behavior ::run [ RunTime:0.002000s ]
INFO: [ app_begin ] --END-- [ RunTime:0.002000s ]
ERR: Call to undefined function mysql_connect()

[ 2019-04-11T09:29:53+08:00 ] 0.0.0.0 /six/
NOTIC: [2] preg_replace(): The /e modifier is no longer supported, use preg_replace_callback instead D:\xampp\htdocs\six\Core\Common\common.php 第 217 行.
INFO: [ app_begin ] --START--
INFO: ReadHtmlCache Behavior ::run [ RunTime:0.002000s ]
INFO: [ app_begin ] --END-- [ RunTime:0.002000s ]
ERR: Call to undefined function mysql_connect()

[ 2019-04-11T09:30:14+08:00 ] 0.0.0.0 /six/
NOTIC: [2] preg_replace(): The /e modifier is no longer supported, use preg_replace_callback instead D:\xampp\htdocs\six\Core\Common\common.php 第 217 行.
INFO: [ app_begin ] --START--
INFO: ReadHtmlCache Behavior ::run [ RunTime:0.002000s ]
INFO: [ app_begin ] --END-- [ RunTime:0.002000s ]
ERR: Call to undefined function mysql_connect()

[ 2019-04-11T09:50:23+08:00 ] 0.0.0.0 /six/
NOTIC: [2] preg_replace(): The /e modifier is no longer supported, use preg_replace_callback instead D:\xampp\htdocs\six\Core\Common\common.php 第 217 行.
INFO: [ app_begin ] --START--
INFO: ReadHtmlCache Behavior ::run [ RunTime:0.003001s ]
INFO: [ app_begin ] --END-- [ RunTime:0.003001s ]
ERR: Call to undefined function mysql_connect()

[ 2019-04-11T09:50:26+08:00 ] 0.0.0.0 /six/
NOTIC: [2] preg_replace(): The /e modifier is no longer supported, use preg_replace_callback instead D:\xampp\htdocs\six\Core\Common\common.php 第 217 行.
INFO: [ app_begin ] --START--
INFO: ReadHtmlCache Behavior ::run [ RunTime:0.002000s ]
INFO: [ app_begin ] --END-- [ RunTime:0.002000s ]
ERR: Call to undefined function mysql_connect()

[ 2019-04-11T10:08:34+08:00 ] 0.0.0.0 /six/mobile/life/index.html
INFO: [ route_check ] --START--
INFO: CheckRoute Behavior ::run [ RunTime:0.013001s ]
INFO: [ route_check ] --END-- [ RunTime:0.013001s ]
NOTIC: [2] preg_replace(): The /e modifier is no longer supported, use preg_replace_callback instead D:\xampp\htdocs\six\Core\Lib\Core\Dispatcher.class.php 第 132 行.
NOTIC: [2] preg_replace(): The /e modifier is no longer supported, use preg_replace_callback instead D:\xampp\htdocs\six\Core\Common\common.php 第 217 行.
INFO: [ app_begin ] --START--
INFO: ReadHtmlCache Behavior ::run [ RunTime:0.002001s ]
INFO: [ app_begin ] --END-- [ RunTime:0.002001s ]
ERR: Call to undefined function mysql_connect()

[ 2019-04-11T10:22:22+08:00 ] 0.0.0.0 
NOTIC: [2] Use of undefined constant URL_COMPAT - assumed 'URL_COMPAT' (this will throw an Error in a future version of PHP) D:\xampp\htdocs\six\Core\Lib\Core\Dispatcher.class.php 第 33 行.
NOTIC: [2] Use of undefined constant URL_REWRITE - assumed 'URL_REWRITE' (this will throw an Error in a future version of PHP) D:\xampp\htdocs\six\Core\Lib\Core\Dispatcher.class.php 第 36 行.
NOTIC: [2] Use of undefined constant _PHP_FILE_ - assumed '_PHP_FILE_' (this will throw an Error in a future version of PHP) D:\xampp\htdocs\six\Core\Lib\Core\Dispatcher.class.php 第 44 行.
NOTIC: [8] Undefined index: REQUEST_URI D:\xampp\htdocs\six\Core\Lib\Core\Dispatcher.class.php 第 141 行.
NOTIC: [2] preg_replace(): The /e modifier is no longer supported, use preg_replace_callback instead D:\xampp\htdocs\six\Core\Common\common.php 第 217 行.
NOTIC: [8] Undefined index: REQUEST_METHOD D:\xampp\htdocs\six\Core\Lib\Core\App.class.php 第 42 行.
INFO: [ app_begin ] --START--
INFO: ReadHtmlCache Behavior ::run [ RunTime:0.002000s ]
INFO: [ app_begin ] --END-- [ RunTime:0.011001s ]
ERR: Call to undefined function mysql_connect()
NOTIC: [8] Undefined index: REQUEST_URI D:\xampp\htdocs\six\Core\Lib\Core\Log.class.php 第 82 行.

[ 2019-04-11T11:00:12+08:00 ] 0.0.0.0 /six/
NOTIC: [2] preg_replace(): The /e modifier is no longer supported, use preg_replace_callback instead D:\xampp\htdocs\six\Core\Common\common.php 第 217 行.
INFO: [ app_begin ] --START--
INFO: ReadHtmlCache Behavior ::run [ RunTime:0.003000s ]
INFO: [ app_begin ] --END-- [ RunTime:0.004000s ]
ERR: Call to undefined function mysql_connect()

[ 2019-04-11T11:06:33+08:00 ] 0.0.0.0 /six/
NOTIC: [2] preg_replace(): The /e modifier is no longer supported, use preg_replace_callback instead D:\xampp\htdocs\six\Core\Common\common.php 第 217 行.
INFO: [ app_begin ] --START--
INFO: ReadHtmlCache Behavior ::run [ RunTime:0.002000s ]
INFO: [ app_begin ] --END-- [ RunTime:0.002000s ]
ERR: Function name must be a string

[ 2019-04-11T11:07:52+08:00 ] 0.0.0.0 /six/
NOTIC: [2] preg_replace(): The /e modifier is no longer supported, use preg_replace_callback instead D:\xampp\htdocs\six\Core\Common\common.php 第 217 行.
INFO: [ app_begin ] --START--
INFO: ReadHtmlCache Behavior ::run [ RunTime:0.002000s ]
INFO: [ app_begin ] --END-- [ RunTime:0.002000s ]
ERR: Function name must be a string

[ 2019-04-11T11:07:56+08:00 ] 0.0.0.0 /six/
NOTIC: [2] preg_replace(): The /e modifier is no longer supported, use preg_replace_callback instead D:\xampp\htdocs\six\Core\Common\common.php 第 217 行.
INFO: [ app_begin ] --START--
INFO: ReadHtmlCache Behavior ::run [ RunTime:0.002000s ]
INFO: [ app_begin ] --END-- [ RunTime:0.002000s ]
ERR: Function name must be a string

[ 2019-04-11T11:08:43+08:00 ] 0.0.0.0 /six/
NOTIC: [2] preg_replace(): The /e modifier is no longer supported, use preg_replace_callback instead D:\xampp\htdocs\six\Core\Common\common.php 第 217 行.
INFO: [ app_begin ] --START--
INFO: ReadHtmlCache Behavior ::run [ RunTime:0.002000s ]
INFO: [ app_begin ] --END-- [ RunTime:0.003000s ]
ERR: Function name must be a string

[ 2019-04-11T11:11:32+08:00 ] 0.0.0.0 
NOTIC: [2] Use of undefined constant URL_COMPAT - assumed 'URL_COMPAT' (this will throw an Error in a future version of PHP) D:\xampp\htdocs\six\Core\Lib\Core\Dispatcher.class.php 第 33 行.
NOTIC: [2] Use of undefined constant URL_REWRITE - assumed 'URL_REWRITE' (this will throw an Error in a future version of PHP) D:\xampp\htdocs\six\Core\Lib\Core\Dispatcher.class.php 第 36 行.
NOTIC: [2] Use of undefined constant _PHP_FILE_ - assumed '_PHP_FILE_' (this will throw an Error in a future version of PHP) D:\xampp\htdocs\six\Core\Lib\Core\Dispatcher.class.php 第 44 行.
NOTIC: [8] Undefined index: REQUEST_URI D:\xampp\htdocs\six\Core\Lib\Core\Dispatcher.class.php 第 141 行.
NOTIC: [2] preg_replace(): The /e modifier is no longer supported, use preg_replace_callback instead D:\xampp\htdocs\six\Core\Common\common.php 第 217 行.
NOTIC: [8] Undefined index: REQUEST_METHOD D:\xampp\htdocs\six\Core\Lib\Core\App.class.php 第 42 行.
INFO: [ app_begin ] --START--
INFO: ReadHtmlCache Behavior ::run [ RunTime:0.002000s ]
INFO: [ app_begin ] --END-- [ RunTime:0.003000s ]
ERR: Function name must be a string
NOTIC: [8] Undefined index: REQUEST_URI D:\xampp\htdocs\six\Core\Lib\Core\Log.class.php 第 82 行.

[ 2019-04-11T12:09:49+08:00 ] 0.0.0.0 /six/
NOTIC: [2] preg_replace(): The /e modifier is no longer supported, use preg_replace_callback instead D:\xampp\htdocs\six\Core\Common\common.php 第 217 行.
INFO: [ app_begin ] --START--
INFO: ReadHtmlCache Behavior ::run [ RunTime:0.002000s ]
INFO: [ app_begin ] --END-- [ RunTime:0.002000s ]
ERR: Function name must be a string

[ 2019-04-11T16:12:37+08:00 ] 0.0.0.0 
NOTIC: [2] Use of undefined constant URL_COMPAT - assumed 'URL_COMPAT' (this will throw an Error in a future version of PHP) D:\xampp\htdocs\six\Core\Lib\Core\Dispatcher.class.php 第 33 行.
NOTIC: [2] Use of undefined constant URL_REWRITE - assumed 'URL_REWRITE' (this will throw an Error in a future version of PHP) D:\xampp\htdocs\six\Core\Lib\Core\Dispatcher.class.php 第 36 行.
NOTIC: [2] Use of undefined constant _PHP_FILE_ - assumed '_PHP_FILE_' (this will throw an Error in a future version of PHP) D:\xampp\htdocs\six\Core\Lib\Core\Dispatcher.class.php 第 44 行.
NOTIC: [8] Undefined index: REQUEST_URI D:\xampp\htdocs\six\Core\Lib\Core\Dispatcher.class.php 第 141 行.
NOTIC: [2] preg_replace(): The /e modifier is no longer supported, use preg_replace_callback instead D:\xampp\htdocs\six\Core\Common\common.php 第 217 行.
NOTIC: [8] Undefined index: REQUEST_METHOD D:\xampp\htdocs\six\Core\Lib\Core\App.class.php 第 42 行.
INFO: [ app_begin ] --START--
INFO: ReadHtmlCache Behavior ::run [ RunTime:0.001000s ]
INFO: [ app_begin ] --END-- [ RunTime:0.001000s ]
NOTIC: [2] mysqli_connect(): (HY000/1045): Access denied for user ''@'localhost' (using password: NO) D:\xampp\htdocs\six\Core\Extend\Driver\Session\SessionDb.class.php 第 94 行.
ERR: Function name must be a string
NOTIC: [8] Undefined index: REQUEST_URI D:\xampp\htdocs\six\Core\Lib\Core\Log.class.php 第 82 行.

[ 2019-04-11T16:12:42+08:00 ] 0.0.0.0 
NOTIC: [2] Use of undefined constant URL_COMPAT - assumed 'URL_COMPAT' (this will throw an Error in a future version of PHP) D:\xampp\htdocs\six\Core\Lib\Core\Dispatcher.class.php 第 33 行.
NOTIC: [2] Use of undefined constant URL_REWRITE - assumed 'URL_REWRITE' (this will throw an Error in a future version of PHP) D:\xampp\htdocs\six\Core\Lib\Core\Dispatcher.class.php 第 36 行.
NOTIC: [2] Use of undefined constant _PHP_FILE_ - assumed '_PHP_FILE_' (this will throw an Error in a future version of PHP) D:\xampp\htdocs\six\Core\Lib\Core\Dispatcher.class.php 第 44 行.
NOTIC: [8] Undefined index: REQUEST_URI D:\xampp\htdocs\six\Core\Lib\Core\Dispatcher.class.php 第 141 行.
NOTIC: [2] preg_replace(): The /e modifier is no longer supported, use preg_replace_callback instead D:\xampp\htdocs\six\Core\Common\common.php 第 217 行.
NOTIC: [8] Undefined index: REQUEST_METHOD D:\xampp\htdocs\six\Core\Lib\Core\App.class.php 第 42 行.
INFO: [ app_begin ] --START--
INFO: ReadHtmlCache Behavior ::run [ RunTime:0.001000s ]
INFO: [ app_begin ] --END-- [ RunTime:0.001000s ]
NOTIC: [2] mysqli_connect(): (HY000/1045): Access denied for user ''@'localhost' (using password: NO) D:\xampp\htdocs\six\Core\Extend\Driver\Session\SessionDb.class.php 第 94 行.
ERR: Function name must be a string
NOTIC: [8] Undefined index: REQUEST_URI D:\xampp\htdocs\six\Core\Lib\Core\Log.class.php 第 82 行.

